<?xml version="1.0" encoding="UTF-8"?>
<!-- Generated by org.testng.reporters.JUnitReportReporter -->
<testsuite skipped="0" hostname="LAPTOP-43MR4AVT" name="Academy.HomePage" tests="1" failures="0" timestamp="2022-07-06T19:04:19 IST" time="49.327" errors="0">
  <testcase name="basePageNav" time="49.327" classname="Academy.HomePage"/>
  <system-out/>
</testsuite> <!-- Academy.HomePage -->
