<?xml version="1.0" encoding="UTF-8"?>
<!-- Generated by org.testng.reporters.JUnitReportReporter -->
<testsuite hostname="LAPTOP-43MR4AVT" failures="0" tests="2" name="Academy.HomePage" time="0.000" errors="0" timestamp="2022-07-07T11:11:24 IST" skipped="2">
  <testcase classname="Academy.HomePage" name="basePageNav" time="0.000">
    <skipped/>
  </testcase> <!-- basePageNav -->
  <system-out/>
  <testcase classname="Academy.HomePage" name="basePageNav" time="0.000">
    <skipped/>
  </testcase> <!-- basePageNav -->
  <system-out/>
</testsuite> <!-- Academy.HomePage -->
